<?xml version="1.0" encoding="UTF-8" standalone="yes"?><!DOCTYPE report PUBLIC "-//JACOCO//DTD Report 1.1//EN" "report.dtd"><report name="produtos"><sessioninfo id="Isamara-PC-2d51860c" start="1589207937065" dump="1589207938273"/><sessioninfo id="Isamara-PC-610f22d8" start="1589208251713" dump="1589208252788"/><sessioninfo id="Isamara-PC-7a6b3129" start="1589208386676" dump="1589208388659"/><sessioninfo id="Isamara-PC-9fb9e13a" start="1589208644967" dump="1589208647523"/><sessioninfo id="Isamara-PC-bfbd12cd" start="1589208751322" dump="1589208753285"/><sessioninfo id="Isamara-PC-5557319" start="1589209066400" dump="1589209067149"/><sessioninfo id="Isamara-PC-165e92ce" start="1589209227996" dump="1589209229909"/><sessioninfo id="Isamara-PC-e5a5c331" start="1589379975464" dump="1589379980410"/><sessioninfo id="Isamara-PC-81bd690a" start="1589509871163" dump="1589509873264"/></report>